<?xml version="1.0" encoding="UTF-8"?>
<testsuite xmlns:xsi="http://www.w3.org/2001/XMLSchema-instance" xsi:noNamespaceSchemaLocation="https://maven.apache.org/surefire/maven-surefire-plugin/xsd/surefire-test-report-3.0.xsd" version="3.0" name="com.vikk.appointmentscheduler.database.ResourceDAOTest" time="0.522" tests="13" errors="0" skipped="0" failures="2">
  <properties>
[...]
</properties>
  <testcase name="testFindAll" classname="com.vikk.appointmentscheduler.database.ResourceDAOTest" time="0.253">
    <system-err><![CDATA[SLF4J: Failed to load class "org.slf4j.impl.StaticLoggerBinder".
SLF4J: Defaulting to no-operation (NOP) logger implementation
SLF4J: See http://www.slf4j.org/codes.html#StaticLoggerBinder for further details.
Oct 04, 2025 5:21:01 PM com.vikk.appointmentscheduler.database.DatabaseManager initializeDatabase
INFO: Database initialized successfully
Oct 04, 2025 5:21:01 PM com.vikk.appointmentscheduler.database.ResourceDAO deleteAll
INFO: Deleted all resources
Oct 04, 2025 5:21:01 PM com.vikk.appointmentscheduler.database.ResourceDAO save
INFO: Saved resource: RES003
Oct 04, 2025 5:21:01 PM com.vikk.appointmentscheduler.database.ResourceDAO save
INFO: Saved resource: RES004
Oct 04, 2025 5:21:01 PM com.vikk.appointmentscheduler.database.ResourceDAO save
INFO: Saved resource: RES005
Oct 04, 2025 5:21:01 PM com.vikk.appointmentscheduler.database.ResourceDAO deleteAll
INFO: Deleted all resources
]]></system-err>
  </testcase>
  <testcase name="testFindByType" classname="com.vikk.appointmentscheduler.database.ResourceDAOTest" time="0.033">
    <system-err><![CDATA[Oct 04, 2025 5:21:01 PM com.vikk.appointmentscheduler.database.ResourceDAO deleteAll
INFO: Deleted all resources
Oct 04, 2025 5:21:01 PM com.vikk.appointmentscheduler.database.ResourceDAO save
INFO: Saved resource: ROOM001
Oct 04, 2025 5:21:01 PM com.vikk.appointmentscheduler.database.ResourceDAO save
INFO: Saved resource: ROOM002
Oct 04, 2025 5:21:01 PM com.vikk.appointmentscheduler.database.ResourceDAO save
INFO: Saved resource: EQUIP001
Oct 04, 2025 5:21:01 PM com.vikk.appointmentscheduler.database.ResourceDAO save
INFO: Saved resource: STAFF001
Oct 04, 2025 5:21:01 PM com.vikk.appointmentscheduler.database.ResourceDAO deleteAll
INFO: Deleted all resources
]]></system-err>
  </testcase>
  <testcase name="testDifferentResourceTypes" classname="com.vikk.appointmentscheduler.database.ResourceDAOTest" time="0.027">
    <system-err><![CDATA[Oct 04, 2025 5:21:01 PM com.vikk.appointmentscheduler.database.ResourceDAO deleteAll
INFO: Deleted all resources
Oct 04, 2025 5:21:01 PM com.vikk.appointmentscheduler.database.ResourceDAO save
INFO: Saved resource: ROOM001
Oct 04, 2025 5:21:01 PM com.vikk.appointmentscheduler.database.ResourceDAO save
INFO: Saved resource: EQUIP001
Oct 04, 2025 5:21:01 PM com.vikk.appointmentscheduler.database.ResourceDAO save
INFO: Saved resource: STAFF001
Oct 04, 2025 5:21:01 PM com.vikk.appointmentscheduler.database.ResourceDAO deleteAll
INFO: Deleted all resources
]]></system-err>
  </testcase>
  <testcase name="testUpdateResource" classname="com.vikk.appointmentscheduler.database.ResourceDAOTest" time="0.022">
    <system-err><![CDATA[Oct 04, 2025 5:21:01 PM com.vikk.appointmentscheduler.database.ResourceDAO deleteAll
INFO: Deleted all resources
Oct 04, 2025 5:21:01 PM com.vikk.appointmentscheduler.database.ResourceDAO save
INFO: Saved resource: RES006
Oct 04, 2025 5:21:01 PM com.vikk.appointmentscheduler.database.ResourceDAO update
INFO: Updated resource: RES006
Oct 04, 2025 5:21:01 PM com.vikk.appointmentscheduler.database.ResourceDAO deleteAll
INFO: Deleted all resources
]]></system-err>
  </testcase>
  <testcase name="testResourceWithAvailability" classname="com.vikk.appointmentscheduler.database.ResourceDAOTest" time="0.019">
    <system-err><![CDATA[Oct 04, 2025 5:21:01 PM com.vikk.appointmentscheduler.database.ResourceDAO deleteAll
INFO: Deleted all resources
Oct 04, 2025 5:21:01 PM com.vikk.appointmentscheduler.database.ResourceDAO save
INFO: Saved resource: RES011
Oct 04, 2025 5:21:01 PM com.vikk.appointmentscheduler.database.ResourceDAO deleteAll
INFO: Deleted all resources
]]></system-err>
  </testcase>
  <testcase name="testFindById" classname="com.vikk.appointmentscheduler.database.ResourceDAOTest" time="0.017">
    <system-err><![CDATA[Oct 04, 2025 5:21:01 PM com.vikk.appointmentscheduler.database.ResourceDAO deleteAll
INFO: Deleted all resources
Oct 04, 2025 5:21:01 PM com.vikk.appointmentscheduler.database.ResourceDAO save
INFO: Saved resource: RES002
Oct 04, 2025 5:21:01 PM com.vikk.appointmentscheduler.database.ResourceDAO deleteAll
INFO: Deleted all resources
]]></system-err>
  </testcase>
  <testcase name="testResourceWithAllFields" classname="com.vikk.appointmentscheduler.database.ResourceDAOTest" time="0.03">
    <failure message="expected: &lt;1&gt; but was: &lt;0&gt;" type="org.opentest4j.AssertionFailedError"><![CDATA[org.opentest4j.AssertionFailedError: expected: <1> but was: <0>
	at org.junit.jupiter.api.AssertionFailureBuilder.build(AssertionFailureBuilder.java:151)
	at org.junit.jupiter.api.AssertionFailureBuilder.buildAndThrow(AssertionFailureBuilder.java:132)
	at org.junit.jupiter.api.AssertEquals.failNotEqual(AssertEquals.java:197)
	at org.junit.jupiter.api.AssertEquals.assertEquals(AssertEquals.java:150)
	at org.junit.jupiter.api.AssertEquals.assertEquals(AssertEquals.java:145)
	at org.junit.jupiter.api.Assertions.assertEquals(Assertions.java:528)
	at com.vikk.appointmentscheduler.database.ResourceDAOTest.testResourceWithAllFields(ResourceDAOTest.java:277)
	at java.base/jdk.internal.reflect.DirectMethodHandleAccessor.invoke(DirectMethodHandleAccessor.java:103)
	at java.base/java.lang.reflect.Method.invoke(Method.java:580)
	at org.junit.platform.commons.util.ReflectionUtils.invokeMethod(ReflectionUtils.java:727)
	at org.junit.jupiter.engine.execution.MethodInvocation.proceed(MethodInvocation.java:60)
	at org.junit.jupiter.engine.execution.InvocationInterceptorChain$ValidatingInvocation.proceed(InvocationInterceptorChain.java:131)
	at org.junit.jupiter.engine.extension.TimeoutExtension.intercept(TimeoutExtension.java:156)
	at org.junit.jupiter.engine.extension.TimeoutExtension.interceptTestableMethod(TimeoutExtension.java:147)
	at org.junit.jupiter.engine.extension.TimeoutExtension.interceptTestMethod(TimeoutExtension.java:86)
	at org.junit.jupiter.engine.execution.InterceptingExecutableInvoker$ReflectiveInterceptorCall.lambda$ofVoidMethod$0(InterceptingExecutableInvoker.java:103)
	at org.junit.jupiter.engine.execution.InterceptingExecutableInvoker.lambda$invoke$0(InterceptingExecutableInvoker.java:93)
	at org.junit.jupiter.engine.execution.InvocationInterceptorChain$InterceptedInvocation.proceed(InvocationInterceptorChain.java:106)
	at org.junit.jupiter.engine.execution.InvocationInterceptorChain.proceed(InvocationInterceptorChain.java:64)
	at org.junit.jupiter.engine.execution.InvocationInterceptorChain.chainAndInvoke(InvocationInterceptorChain.java:45)
	at org.junit.jupiter.engine.execution.InvocationInterceptorChain.invoke(InvocationInterceptorChain.java:37)
	at org.junit.jupiter.engine.execution.InterceptingExecutableInvoker.invoke(InterceptingExecutableInvoker.java:92)
	at org.junit.jupiter.engine.execution.InterceptingExecutableInvoker.invoke(InterceptingExecutableInvoker.java:86)
	at org.junit.jupiter.engine.descriptor.TestMethodTestDescriptor.lambda$invokeTestMethod$7(TestMethodTestDescriptor.java:217)
	at org.junit.platform.engine.support.hierarchical.ThrowableCollector.execute(ThrowableCollector.java:73)
	at org.junit.jupiter.engine.descriptor.TestMethodTestDescriptor.invokeTestMethod(TestMethodTestDescriptor.java:213)
	at org.junit.jupiter.engine.descriptor.TestMethodTestDescriptor.execute(TestMethodTestDescriptor.java:138)
	at org.junit.jupiter.engine.descriptor.TestMethodTestDescriptor.execute(TestMethodTestDescriptor.java:68)
	at org.junit.platform.engine.support.hierarchical.NodeTestTask.lambda$executeRecursively$6(NodeTestTask.java:151)
	at org.junit.platform.engine.support.hierarchical.ThrowableCollector.execute(ThrowableCollector.java:73)
	at org.junit.platform.engine.support.hierarchical.NodeTestTask.lambda$executeRecursively$8(NodeTestTask.java:141)
	at org.junit.platform.engine.support.hierarchical.Node.around(Node.java:137)
	at org.junit.platform.engine.support.hierarchical.NodeTestTask.lambda$executeRecursively$9(NodeTestTask.java:139)
	at org.junit.platform.engine.support.hierarchical.ThrowableCollector.execute(ThrowableCollector.java:73)
	at org.junit.platform.engine.support.hierarchical.NodeTestTask.executeRecursively(NodeTestTask.java:138)
	at org.junit.platform.engine.support.hierarchical.NodeTestTask.execute(NodeTestTask.java:95)
	at java.base/java.util.ArrayList.forEach(ArrayList.java:1596)
	at org.junit.platform.engine.support.hierarchical.SameThreadHierarchicalTestExecutorService.invokeAll(SameThreadHierarchicalTestExecutorService.java:41)
	at org.junit.platform.engine.support.hierarchical.NodeTestTask.lambda$executeRecursively$6(NodeTestTask.java:155)
	at org.junit.platform.engine.support.hierarchical.ThrowableCollector.execute(ThrowableCollector.java:73)
	at org.junit.platform.engine.support.hierarchical.NodeTestTask.lambda$executeRecursively$8(NodeTestTask.java:141)
	at org.junit.platform.engine.support.hierarchical.Node.around(Node.java:137)
	at org.junit.platform.engine.support.hierarchical.NodeTestTask.lambda$executeRecursively$9(NodeTestTask.java:139)
	at org.junit.platform.engine.support.hierarchical.ThrowableCollector.execute(ThrowableCollector.java:73)
	at org.junit.platform.engine.support.hierarchical.NodeTestTask.executeRecursively(NodeTestTask.java:138)
	at org.junit.platform.engine.support.hierarchical.NodeTestTask.execute(NodeTestTask.java:95)
	at java.base/java.util.ArrayList.forEach(ArrayList.java:1596)
	at org.junit.platform.engine.support.hierarchical.SameThreadHierarchicalTestExecutorService.invokeAll(SameThreadHierarchicalTestExecutorService.java:41)
	at org.junit.platform.engine.support.hierarchical.NodeTestTask.lambda$executeRecursively$6(NodeTestTask.java:155)
	at org.junit.platform.engine.support.hierarchical.ThrowableCollector.execute(ThrowableCollector.java:73)
	at org.junit.platform.engine.support.hierarchical.NodeTestTask.lambda$executeRecursively$8(NodeTestTask.java:141)
	at org.junit.platform.engine.support.hierarchical.Node.around(Node.java:137)
	at org.junit.platform.engine.support.hierarchical.NodeTestTask.lambda$executeRecursively$9(NodeTestTask.java:139)
	at org.junit.platform.engine.support.hierarchical.ThrowableCollector.execute(ThrowableCollector.java:73)
	at org.junit.platform.engine.support.hierarchical.NodeTestTask.executeRecursively(NodeTestTask.java:138)
	at org.junit.platform.engine.support.hierarchical.NodeTestTask.execute(NodeTestTask.java:95)
	at org.junit.platform.engine.support.hierarchical.SameThreadHierarchicalTestExecutorService.submit(SameThreadHierarchicalTestExecutorService.java:35)
	at org.junit.platform.engine.support.hierarchical.HierarchicalTestExecutor.execute(HierarchicalTestExecutor.java:57)
	at org.junit.platform.engine.support.hierarchical.HierarchicalTestEngine.execute(HierarchicalTestEngine.java:54)
	at org.junit.platform.launcher.core.EngineExecutionOrchestrator.execute(EngineExecutionOrchestrator.java:147)
	at org.junit.platform.launcher.core.EngineExecutionOrchestrator.execute(EngineExecutionOrchestrator.java:127)
	at org.junit.platform.launcher.core.EngineExecutionOrchestrator.execute(EngineExecutionOrchestrator.java:90)
	at org.junit.platform.launcher.core.EngineExecutionOrchestrator.lambda$execute$0(EngineExecutionOrchestrator.java:55)
	at org.junit.platform.launcher.core.EngineExecutionOrchestrator.withInterceptedStreams(EngineExecutionOrchestrator.java:102)
	at org.junit.platform.launcher.core.EngineExecutionOrchestrator.execute(EngineExecutionOrchestrator.java:54)
	at org.junit.platform.launcher.core.DefaultLauncher.execute(DefaultLauncher.java:114)
	at org.junit.platform.launcher.core.DefaultLauncher.execute(DefaultLauncher.java:86)
	at org.junit.platform.launcher.core.DefaultLauncherSession$DelegatingLauncher.execute(DefaultLauncherSession.java:86)
	at org.apache.maven.surefire.junitplatform.LazyLauncher.execute(LazyLauncher.java:56)
	at org.apache.maven.surefire.junitplatform.JUnitPlatformProvider.execute(JUnitPlatformProvider.java:184)
	at org.apache.maven.surefire.junitplatform.JUnitPlatformProvider.invokeAllTests(JUnitPlatformProvider.java:148)
	at org.apache.maven.surefire.junitplatform.JUnitPlatformProvider.invoke(JUnitPlatformProvider.java:122)
	at org.apache.maven.surefire.booter.ForkedBooter.runSuitesInProcess(ForkedBooter.java:385)
	at org.apache.maven.surefire.booter.ForkedBooter.execute(ForkedBooter.java:162)
	at org.apache.maven.surefire.booter.ForkedBooter.run(ForkedBooter.java:507)
	at org.apache.maven.surefire.booter.ForkedBooter.main(ForkedBooter.java:495)
]]></failure>
    <system-err><![CDATA[Oct 04, 2025 5:21:01 PM com.vikk.appointmentscheduler.database.ResourceDAO deleteAll
INFO: Deleted all resources
Oct 04, 2025 5:21:01 PM com.vikk.appointmentscheduler.database.ResourceDAO save
INFO: Saved resource: RES013
Oct 04, 2025 5:21:01 PM com.vikk.appointmentscheduler.database.ResourceDAO deleteAll
INFO: Deleted all resources
]]></system-err>
  </testcase>
  <testcase name="testResourceWithConflicts" classname="com.vikk.appointmentscheduler.database.ResourceDAOTest" time="0.015">
    <failure message="expected: &lt;2&gt; but was: &lt;0&gt;" type="org.opentest4j.AssertionFailedError"><![CDATA[org.opentest4j.AssertionFailedError: expected: <2> but was: <0>
	at org.junit.jupiter.api.AssertionFailureBuilder.build(AssertionFailureBuilder.java:151)
	at org.junit.jupiter.api.AssertionFailureBuilder.buildAndThrow(AssertionFailureBuilder.java:132)
	at org.junit.jupiter.api.AssertEquals.failNotEqual(AssertEquals.java:197)
	at org.junit.jupiter.api.AssertEquals.assertEquals(AssertEquals.java:150)
	at org.junit.jupiter.api.AssertEquals.assertEquals(AssertEquals.java:145)
	at org.junit.jupiter.api.Assertions.assertEquals(Assertions.java:528)
	at com.vikk.appointmentscheduler.database.ResourceDAOTest.testResourceWithConflicts(ResourceDAOTest.java:252)
	at java.base/jdk.internal.reflect.DirectMethodHandleAccessor.invoke(DirectMethodHandleAccessor.java:103)
	at java.base/java.lang.reflect.Method.invoke(Method.java:580)
	at org.junit.platform.commons.util.ReflectionUtils.invokeMethod(ReflectionUtils.java:727)
	at org.junit.jupiter.engine.execution.MethodInvocation.proceed(MethodInvocation.java:60)
	at org.junit.jupiter.engine.execution.InvocationInterceptorChain$ValidatingInvocation.proceed(InvocationInterceptorChain.java:131)
	at org.junit.jupiter.engine.extension.TimeoutExtension.intercept(TimeoutExtension.java:156)
	at org.junit.jupiter.engine.extension.TimeoutExtension.interceptTestableMethod(TimeoutExtension.java:147)
	at org.junit.jupiter.engine.extension.TimeoutExtension.interceptTestMethod(TimeoutExtension.java:86)
	at org.junit.jupiter.engine.execution.InterceptingExecutableInvoker$ReflectiveInterceptorCall.lambda$ofVoidMethod$0(InterceptingExecutableInvoker.java:103)
	at org.junit.jupiter.engine.execution.InterceptingExecutableInvoker.lambda$invoke$0(InterceptingExecutableInvoker.java:93)
	at org.junit.jupiter.engine.execution.InvocationInterceptorChain$InterceptedInvocation.proceed(InvocationInterceptorChain.java:106)
	at org.junit.jupiter.engine.execution.InvocationInterceptorChain.proceed(InvocationInterceptorChain.java:64)
	at org.junit.jupiter.engine.execution.InvocationInterceptorChain.chainAndInvoke(InvocationInterceptorChain.java:45)
	at org.junit.jupiter.engine.execution.InvocationInterceptorChain.invoke(InvocationInterceptorChain.java:37)
	at org.junit.jupiter.engine.execution.InterceptingExecutableInvoker.invoke(InterceptingExecutableInvoker.java:92)
	at org.junit.jupiter.engine.execution.InterceptingExecutableInvoker.invoke(InterceptingExecutableInvoker.java:86)
	at org.junit.jupiter.engine.descriptor.TestMethodTestDescriptor.lambda$invokeTestMethod$7(TestMethodTestDescriptor.java:217)
	at org.junit.platform.engine.support.hierarchical.ThrowableCollector.execute(ThrowableCollector.java:73)
	at org.junit.jupiter.engine.descriptor.TestMethodTestDescriptor.invokeTestMethod(TestMethodTestDescriptor.java:213)
	at org.junit.jupiter.engine.descriptor.TestMethodTestDescriptor.execute(TestMethodTestDescriptor.java:138)
	at org.junit.jupiter.engine.descriptor.TestMethodTestDescriptor.execute(TestMethodTestDescriptor.java:68)
	at org.junit.platform.engine.support.hierarchical.NodeTestTask.lambda$executeRecursively$6(NodeTestTask.java:151)
	at org.junit.platform.engine.support.hierarchical.ThrowableCollector.execute(ThrowableCollector.java:73)
	at org.junit.platform.engine.support.hierarchical.NodeTestTask.lambda$executeRecursively$8(NodeTestTask.java:141)
	at org.junit.platform.engine.support.hierarchical.Node.around(Node.java:137)
	at org.junit.platform.engine.support.hierarchical.NodeTestTask.lambda$executeRecursively$9(NodeTestTask.java:139)
	at org.junit.platform.engine.support.hierarchical.ThrowableCollector.execute(ThrowableCollector.java:73)
	at org.junit.platform.engine.support.hierarchical.NodeTestTask.executeRecursively(NodeTestTask.java:138)
	at org.junit.platform.engine.support.hierarchical.NodeTestTask.execute(NodeTestTask.java:95)
	at java.base/java.util.ArrayList.forEach(ArrayList.java:1596)
	at org.junit.platform.engine.support.hierarchical.SameThreadHierarchicalTestExecutorService.invokeAll(SameThreadHierarchicalTestExecutorService.java:41)
	at org.junit.platform.engine.support.hierarchical.NodeTestTask.lambda$executeRecursively$6(NodeTestTask.java:155)
	at org.junit.platform.engine.support.hierarchical.ThrowableCollector.execute(ThrowableCollector.java:73)
	at org.junit.platform.engine.support.hierarchical.NodeTestTask.lambda$executeRecursively$8(NodeTestTask.java:141)
	at org.junit.platform.engine.support.hierarchical.Node.around(Node.java:137)
	at org.junit.platform.engine.support.hierarchical.NodeTestTask.lambda$executeRecursively$9(NodeTestTask.java:139)
	at org.junit.platform.engine.support.hierarchical.ThrowableCollector.execute(ThrowableCollector.java:73)
	at org.junit.platform.engine.support.hierarchical.NodeTestTask.executeRecursively(NodeTestTask.java:138)
	at org.junit.platform.engine.support.hierarchical.NodeTestTask.execute(NodeTestTask.java:95)
	at java.base/java.util.ArrayList.forEach(ArrayList.java:1596)
	at org.junit.platform.engine.support.hierarchical.SameThreadHierarchicalTestExecutorService.invokeAll(SameThreadHierarchicalTestExecutorService.java:41)
	at org.junit.platform.engine.support.hierarchical.NodeTestTask.lambda$executeRecursively$6(NodeTestTask.java:155)
	at org.junit.platform.engine.support.hierarchical.ThrowableCollector.execute(ThrowableCollector.java:73)
	at org.junit.platform.engine.support.hierarchical.NodeTestTask.lambda$executeRecursively$8(NodeTestTask.java:141)
	at org.junit.platform.engine.support.hierarchical.Node.around(Node.java:137)
	at org.junit.platform.engine.support.hierarchical.NodeTestTask.lambda$executeRecursively$9(NodeTestTask.java:139)
	at org.junit.platform.engine.support.hierarchical.ThrowableCollector.execute(ThrowableCollector.java:73)
	at org.junit.platform.engine.support.hierarchical.NodeTestTask.executeRecursively(NodeTestTask.java:138)
	at org.junit.platform.engine.support.hierarchical.NodeTestTask.execute(NodeTestTask.java:95)
	at org.junit.platform.engine.support.hierarchical.SameThreadHierarchicalTestExecutorService.submit(SameThreadHierarchicalTestExecutorService.java:35)
	at org.junit.platform.engine.support.hierarchical.HierarchicalTestExecutor.execute(HierarchicalTestExecutor.java:57)
	at org.junit.platform.engine.support.hierarchical.HierarchicalTestEngine.execute(HierarchicalTestEngine.java:54)
	at org.junit.platform.launcher.core.EngineExecutionOrchestrator.execute(EngineExecutionOrchestrator.java:147)
	at org.junit.platform.launcher.core.EngineExecutionOrchestrator.execute(EngineExecutionOrchestrator.java:127)
	at org.junit.platform.launcher.core.EngineExecutionOrchestrator.execute(EngineExecutionOrchestrator.java:90)
	at org.junit.platform.launcher.core.EngineExecutionOrchestrator.lambda$execute$0(EngineExecutionOrchestrator.java:55)
	at org.junit.platform.launcher.core.EngineExecutionOrchestrator.withInterceptedStreams(EngineExecutionOrchestrator.java:102)
	at org.junit.platform.launcher.core.EngineExecutionOrchestrator.execute(EngineExecutionOrchestrator.java:54)
	at org.junit.platform.launcher.core.DefaultLauncher.execute(DefaultLauncher.java:114)
	at org.junit.platform.launcher.core.DefaultLauncher.execute(DefaultLauncher.java:86)
	at org.junit.platform.launcher.core.DefaultLauncherSession$DelegatingLauncher.execute(DefaultLauncherSession.java:86)
	at org.apache.maven.surefire.junitplatform.LazyLauncher.execute(LazyLauncher.java:56)
	at org.apache.maven.surefire.junitplatform.JUnitPlatformProvider.execute(JUnitPlatformProvider.java:184)
	at org.apache.maven.surefire.junitplatform.JUnitPlatformProvider.invokeAllTests(JUnitPlatformProvider.java:148)
	at org.apache.maven.surefire.junitplatform.JUnitPlatformProvider.invoke(JUnitPlatformProvider.java:122)
	at org.apache.maven.surefire.booter.ForkedBooter.runSuitesInProcess(ForkedBooter.java:385)
	at org.apache.maven.surefire.booter.ForkedBooter.execute(ForkedBooter.java:162)
	at org.apache.maven.surefire.booter.ForkedBooter.run(ForkedBooter.java:507)
	at org.apache.maven.surefire.booter.ForkedBooter.main(ForkedBooter.java:495)
]]></failure>
    <system-err><![CDATA[Oct 04, 2025 5:21:01 PM com.vikk.appointmentscheduler.database.ResourceDAO deleteAll
INFO: Deleted all resources
Oct 04, 2025 5:21:01 PM com.vikk.appointmentscheduler.database.ResourceDAO save
INFO: Saved resource: RES012
Oct 04, 2025 5:21:01 PM com.vikk.appointmentscheduler.database.ResourceDAO deleteAll
INFO: Deleted all resources
]]></system-err>
  </testcase>
  <testcase name="testDeleteAll" classname="com.vikk.appointmentscheduler.database.ResourceDAOTest" time="0.025">
    <system-err><![CDATA[Oct 04, 2025 5:21:01 PM com.vikk.appointmentscheduler.database.ResourceDAO deleteAll
INFO: Deleted all resources
Oct 04, 2025 5:21:01 PM com.vikk.appointmentscheduler.database.ResourceDAO save
INFO: Saved resource: RES008
Oct 04, 2025 5:21:01 PM com.vikk.appointmentscheduler.database.ResourceDAO save
INFO: Saved resource: RES009
Oct 04, 2025 5:21:01 PM com.vikk.appointmentscheduler.database.ResourceDAO deleteAll
INFO: Deleted all resources
Oct 04, 2025 5:21:01 PM com.vikk.appointmentscheduler.database.ResourceDAO deleteAll
INFO: Deleted all resources
]]></system-err>
  </testcase>
  <testcase name="testResourceWithCapabilities" classname="com.vikk.appointmentscheduler.database.ResourceDAOTest" time="0.023">
    <system-err><![CDATA[Oct 04, 2025 5:21:01 PM com.vikk.appointmentscheduler.database.ResourceDAO deleteAll
INFO: Deleted all resources
Oct 04, 2025 5:21:01 PM com.vikk.appointmentscheduler.database.ResourceDAO save
INFO: Saved resource: RES010
Oct 04, 2025 5:21:01 PM com.vikk.appointmentscheduler.database.ResourceDAO deleteAll
INFO: Deleted all resources
]]></system-err>
  </testcase>
  <testcase name="testSaveResource" classname="com.vikk.appointmentscheduler.database.ResourceDAOTest" time="0.015">
    <system-err><![CDATA[Oct 04, 2025 5:21:01 PM com.vikk.appointmentscheduler.database.ResourceDAO deleteAll
INFO: Deleted all resources
Oct 04, 2025 5:21:01 PM com.vikk.appointmentscheduler.database.ResourceDAO save
INFO: Saved resource: RES001
Oct 04, 2025 5:21:01 PM com.vikk.appointmentscheduler.database.ResourceDAO deleteAll
INFO: Deleted all resources
]]></system-err>
  </testcase>
  <testcase name="testDeleteResource" classname="com.vikk.appointmentscheduler.database.ResourceDAOTest" time="0.019">
    <system-err><![CDATA[Oct 04, 2025 5:21:01 PM com.vikk.appointmentscheduler.database.ResourceDAO deleteAll
INFO: Deleted all resources
Oct 04, 2025 5:21:01 PM com.vikk.appointmentscheduler.database.ResourceDAO save
INFO: Saved resource: RES007
Oct 04, 2025 5:21:01 PM com.vikk.appointmentscheduler.database.ResourceDAO delete
INFO: Deleted resource: RES007
Oct 04, 2025 5:21:01 PM com.vikk.appointmentscheduler.database.ResourceDAO deleteAll
INFO: Deleted all resources
]]></system-err>
  </testcase>
  <testcase name="testFindNonExistentResource" classname="com.vikk.appointmentscheduler.database.ResourceDAOTest" time="0.013">
    <system-err><![CDATA[Oct 04, 2025 5:21:01 PM com.vikk.appointmentscheduler.database.ResourceDAO deleteAll
INFO: Deleted all resources
Oct 04, 2025 5:21:01 PM com.vikk.appointmentscheduler.database.ResourceDAO deleteAll
INFO: Deleted all resources
]]></system-err>
  </testcase>
</testsuite>