<?xml version="1.0" encoding="UTF-8"?>
<testsuite xmlns:xsi="http://www.w3.org/2001/XMLSchema-instance" xsi:noNamespaceSchemaLocation="https://maven.apache.org/surefire/maven-surefire-plugin/xsd/surefire-test-report-3.0.xsd" version="3.0" name="com.vikk.appointmentscheduler.service.AppointmentSchedulingServiceTest" time="0.04" tests="14" errors="0" skipped="0" failures="0">
  <properties>
[...]
</properties>
  <testcase name="testWithEmptyResources" classname="com.vikk.appointmentscheduler.service.AppointmentSchedulingServiceTest" time="0.002"/>
  <testcase name="testWithEmptyAppointments" classname="com.vikk.appointmentscheduler.service.AppointmentSchedulingServiceTest" time="0.001"/>
  <testcase name="testWithHighPriorityAppointments" classname="com.vikk.appointmentscheduler.service.AppointmentSchedulingServiceTest" time="0.001"/>
  <testcase name="testWithFlexibleAppointments" classname="com.vikk.appointmentscheduler.service.AppointmentSchedulingServiceTest" time="0.001"/>
  <testcase name="testGetRegisteredAlgorithms" classname="com.vikk.appointmentscheduler.service.AppointmentSchedulingServiceTest" time="0.001"/>
  <testcase name="testOptimizeWithInvalidAlgorithm" classname="com.vikk.appointmentscheduler.service.AppointmentSchedulingServiceTest" time="0.001"/>
  <testcase name="testGetAvailableAlgorithms" classname="com.vikk.appointmentscheduler.service.AppointmentSchedulingServiceTest" time="0.001"/>
  <testcase name="testOptimizeWithCSP" classname="com.vikk.appointmentscheduler.service.AppointmentSchedulingServiceTest" time="0.001"/>
  <testcase name="testCompareAlgorithms" classname="com.vikk.appointmentscheduler.service.AppointmentSchedulingServiceTest" time="0.011"/>
  <testcase name="testOptimizeWithAllAlgorithms" classname="com.vikk.appointmentscheduler.service.AppointmentSchedulingServiceTest" time="0.004"/>
  <testcase name="testServiceInitialization" classname="com.vikk.appointmentscheduler.service.AppointmentSchedulingServiceTest" time="0.0"/>
  <testcase name="testOptimizeWithGA" classname="com.vikk.appointmentscheduler.service.AppointmentSchedulingServiceTest" time="0.002"/>
  <testcase name="testOptimizeWithSA" classname="com.vikk.appointmentscheduler.service.AppointmentSchedulingServiceTest" time="0.002"/>
  <testcase name="testWithConflictingAppointments" classname="com.vikk.appointmentscheduler.service.AppointmentSchedulingServiceTest" time="0.001"/>
</testsuite>